mode: set
graphyy/entity/user.go:23.57,26.2 2 0
graphyy/cmd/server/main.go:12.13,14.13 2 0
graphyy/cmd/server/main.go:14.13,16.3 1 0
graphyy/cmd/server/main.go:18.2,27.36 8 0
graphyy/internal/jwt.go:14.53,28.18 6 0
graphyy/internal/jwt.go:28.18,30.3 1 0
graphyy/internal/jwt.go:31.2,35.3 1 0
graphyy/internal/jwt.go:38.52,41.96 2 0
graphyy/internal/jwt.go:41.96,43.3 1 0
graphyy/internal/jwt.go:45.2,45.16 1 0
graphyy/internal/jwt.go:45.16,46.37 1 0
graphyy/internal/jwt.go:46.37,48.4 1 0
graphyy/internal/jwt.go:49.3,49.69 1 0
graphyy/internal/jwt.go:51.2,51.18 1 0
graphyy/internal/jwt.go:51.18,53.3 1 0
graphyy/internal/jwt.go:55.2,56.31 2 0
graphyy/internal/jwt.go:56.31,58.3 1 0
graphyy/internal/jwt.go:59.2,60.36 2 0
graphyy/internal/jwt.go:60.36,62.3 1 0
graphyy/internal/jwt.go:71.2,71.45 1 0
graphyy/internal/jwt.go:74.65,77.2 2 0
graphyy/controller/user/login.go:12.72,14.16 2 0
graphyy/controller/user/login.go:14.16,16.3 1 0
graphyy/controller/user/login.go:17.2,18.14 2 0
graphyy/controller/user/login.go:18.14,20.3 1 0
graphyy/controller/user/login.go:22.2,23.19 2 0
graphyy/controller/user/login.go:26.52,29.2 2 0
graphyy/controller/user/signup.go:10.73,11.37 1 0
graphyy/controller/user/signup.go:11.37,13.3 1 0
graphyy/controller/user/signup.go:14.2,15.16 2 0
graphyy/controller/user/signup.go:15.16,17.3 1 0
graphyy/controller/user/signup.go:18.2,19.16 2 0
graphyy/controller/user/signup.go:19.16,21.3 1 0
graphyy/controller/user/signup.go:23.2,24.19 2 0
graphyy/controller/user/signup.go:27.44,29.2 1 0
graphyy/controller/user/usercontroller.go:20.62,24.2 1 0
graphyy/repository/repository.go:15.50,18.2 2 0
graphyy/controller/controller.go:14.74,18.2 1 0
graphyy/controller/handler.go:15.54,20.16 2 0
graphyy/controller/handler.go:20.16,21.13 1 0
graphyy/controller/handler.go:24.2,24.15 1 0
graphyy/controller/handler.go:28.63,34.85 1 0
graphyy/controller/handler.go:34.85,36.27 2 0
graphyy/controller/handler.go:36.27,40.5 1 0
graphyy/controller/handler.go:42.4,43.55 2 0
graphyy/controller/handler.go:43.55,48.5 2 0
graphyy/controller/handler.go:50.4,52.18 3 0
graphyy/controller/handler.go:52.18,57.5 2 0
graphyy/controller/handler.go:59.4,61.5 1 0
graphyy/controller/schema.go:25.64,40.70 1 0
graphyy/controller/schema.go:40.70,44.20 4 0
graphyy/controller/schema.go:44.20,46.7 1 0
graphyy/controller/schema.go:47.6,47.21 1 0
graphyy/controller/schema.go:61.70,65.20 4 0
graphyy/controller/schema.go:65.20,67.7 1 0
graphyy/controller/schema.go:68.6,68.21 1 0
graphyy/controller/schema.go:75.51,89.70 1 0
graphyy/controller/schema.go:89.70,94.6 3 0
graphyy/database/database.go:13.29,24.16 8 0
graphyy/database/database.go:24.16,25.13 1 0
graphyy/database/database.go:28.2,28.11 1 0
graphyy/repository/userrepo/userrepo.go:19.41,23.2 1 0
graphyy/repository/userrepo/userrepo.go:26.78,29.25 3 0
graphyy/repository/userrepo/userrepo.go:29.25,30.54 1 0
graphyy/repository/userrepo/userrepo.go:30.54,32.4 1 0
graphyy/repository/userrepo/userrepo.go:33.3,33.27 1 0
graphyy/repository/userrepo/userrepo.go:35.2,35.18 1 0
graphyy/repository/userrepo/userrepo.go:39.74,41.16 2 0
graphyy/repository/userrepo/userrepo.go:41.16,43.3 1 0
graphyy/repository/userrepo/userrepo.go:44.2,47.25 3 0
graphyy/repository/userrepo/userrepo.go:47.25,49.3 1 0
graphyy/repository/userrepo/userrepo.go:50.2,51.19 2 0
graphyy/repository/userrepo/userrepo.go:54.52,58.2 3 0
graphyy/internal/envvar/constant.go:9.26,11.13 2 0
graphyy/internal/envvar/constant.go:11.13,13.3 1 0
graphyy/internal/envvar/constant.go:14.2,14.15 1 0
graphyy/internal/envvar/constant.go:17.22,19.13 2 0
graphyy/internal/envvar/constant.go:19.13,21.3 1 0
graphyy/internal/envvar/constant.go:22.2,22.13 1 0
graphyy/internal/envvar/constant.go:25.26,27.13 2 0
graphyy/internal/envvar/constant.go:27.13,29.3 1 0
graphyy/internal/envvar/constant.go:30.2,30.17 1 0
graphyy/internal/envvar/constant.go:33.22,35.13 2 0
graphyy/internal/envvar/constant.go:35.13,37.3 1 0
graphyy/internal/envvar/constant.go:38.2,38.15 1 0
graphyy/internal/envvar/constant.go:40.22,42.13 2 0
graphyy/internal/envvar/constant.go:42.13,44.3 1 0
graphyy/internal/envvar/constant.go:45.2,45.13 1 0
graphyy/internal/envvar/constant.go:48.22,50.13 2 0
graphyy/internal/envvar/constant.go:50.13,52.3 1 0
graphyy/internal/envvar/constant.go:53.2,53.13 1 0
graphyy/internal/envvar/constant.go:56.21,59.16 3 0
graphyy/internal/envvar/constant.go:59.16,61.3 1 0
graphyy/internal/envvar/constant.go:63.2,63.12 1 0
graphyy/testing/factory/userfactory.go:20.59,22.2 1 0
graphyy/testing/factory/userfactory.go:22.66,25.2 2 0
graphyy/testing/factory/userfactory.go:25.66,29.2 3 0
graphyy/testing/factory/userfactory.go:29.67,31.2 1 0
graphyy/testing/factory/userfactory.go:31.67,33.2 1 0
graphyy/testing/factory/userfactory.go:33.43,36.2 2 0
graphyy/testing/factory/userfactory.go:38.42,42.16 4 0
graphyy/testing/factory/userfactory.go:42.16,43.13 1 0
graphyy/testing/factory/userfactory.go:45.2,47.13 3 0
graphyy/testing/factory/userfactory.go:50.52,52.25 2 0
graphyy/testing/factory/userfactory.go:52.25,58.17 6 0
graphyy/testing/factory/userfactory.go:58.17,59.14 1 0
graphyy/testing/factory/userfactory.go:61.3,64.30 4 0
graphyy/testing/factory/userfactory.go:66.2,66.14 1 0
graphyy/controller/controller.go:14.74,18.2 1 1
graphyy/controller/handler.go:15.54,20.16 2 1
graphyy/controller/handler.go:20.16,21.13 1 0
graphyy/controller/handler.go:24.2,24.15 1 1
graphyy/controller/handler.go:28.63,34.85 1 1
graphyy/controller/handler.go:34.85,36.27 2 1
graphyy/controller/handler.go:36.27,40.5 1 1
graphyy/controller/handler.go:42.4,43.55 2 1
graphyy/controller/handler.go:43.55,48.5 2 0
graphyy/controller/handler.go:50.4,52.18 3 1
graphyy/controller/handler.go:52.18,57.5 2 0
graphyy/controller/handler.go:59.4,61.5 1 1
graphyy/controller/schema.go:25.64,40.70 1 1
graphyy/controller/schema.go:40.70,44.20 4 1
graphyy/controller/schema.go:44.20,46.7 1 0
graphyy/controller/schema.go:47.6,47.21 1 1
graphyy/controller/schema.go:61.70,65.20 4 1
graphyy/controller/schema.go:65.20,67.7 1 0
graphyy/controller/schema.go:68.6,68.21 1 1
graphyy/controller/schema.go:75.51,89.70 1 1
graphyy/controller/schema.go:89.70,94.6 3 0
graphyy/controller/user/login.go:12.72,14.16 2 1
graphyy/controller/user/login.go:14.16,16.3 1 0
graphyy/controller/user/login.go:17.2,18.14 2 1
graphyy/controller/user/login.go:18.14,20.3 1 0
graphyy/controller/user/login.go:22.2,23.19 2 1
graphyy/controller/user/login.go:26.52,29.2 2 1
graphyy/controller/user/signup.go:10.73,11.37 1 1
graphyy/controller/user/signup.go:11.37,13.3 1 0
graphyy/controller/user/signup.go:14.2,15.16 2 1
graphyy/controller/user/signup.go:15.16,17.3 1 0
graphyy/controller/user/signup.go:18.2,19.16 2 1
graphyy/controller/user/signup.go:19.16,21.3 1 0
graphyy/controller/user/signup.go:23.2,24.19 2 1
graphyy/controller/user/signup.go:27.44,29.2 1 1
graphyy/controller/user/usercontroller.go:20.62,24.2 1 1
graphyy/database/database.go:13.29,24.16 8 1
graphyy/database/database.go:24.16,25.13 1 0
graphyy/database/database.go:28.2,28.11 1 1
graphyy/entity/user.go:23.57,26.2 2 1
graphyy/internal/jwt.go:14.53,28.18 6 1
graphyy/internal/jwt.go:28.18,30.3 1 0
graphyy/internal/jwt.go:31.2,35.3 1 1
graphyy/internal/jwt.go:38.52,41.96 2 1
graphyy/internal/jwt.go:41.96,43.3 1 1
graphyy/internal/jwt.go:45.2,45.16 1 1
graphyy/internal/jwt.go:45.16,46.37 1 0
graphyy/internal/jwt.go:46.37,48.4 1 0
graphyy/internal/jwt.go:49.3,49.69 1 0
graphyy/internal/jwt.go:51.2,51.18 1 1
graphyy/internal/jwt.go:51.18,53.3 1 0
graphyy/internal/jwt.go:55.2,56.31 2 1
graphyy/internal/jwt.go:56.31,58.3 1 1
graphyy/internal/jwt.go:59.2,60.36 2 1
graphyy/internal/jwt.go:60.36,62.3 1 0
graphyy/internal/jwt.go:71.2,71.45 1 1
graphyy/internal/jwt.go:74.65,77.2 2 1
graphyy/internal/envvar/constant.go:9.26,11.13 2 1
graphyy/internal/envvar/constant.go:11.13,13.3 1 0
graphyy/internal/envvar/constant.go:14.2,14.15 1 1
graphyy/internal/envvar/constant.go:17.22,19.13 2 1
graphyy/internal/envvar/constant.go:19.13,21.3 1 0
graphyy/internal/envvar/constant.go:22.2,22.13 1 1
graphyy/internal/envvar/constant.go:25.26,27.13 2 1
graphyy/internal/envvar/constant.go:27.13,29.3 1 0
graphyy/internal/envvar/constant.go:30.2,30.17 1 1
graphyy/internal/envvar/constant.go:33.22,35.13 2 1
graphyy/internal/envvar/constant.go:35.13,37.3 1 0
graphyy/internal/envvar/constant.go:38.2,38.15 1 1
graphyy/internal/envvar/constant.go:40.22,42.13 2 1
graphyy/internal/envvar/constant.go:42.13,44.3 1 0
graphyy/internal/envvar/constant.go:45.2,45.13 1 1
graphyy/internal/envvar/constant.go:48.22,50.13 2 1
graphyy/internal/envvar/constant.go:50.13,52.3 1 1
graphyy/internal/envvar/constant.go:53.2,53.13 1 1
graphyy/internal/envvar/constant.go:56.21,59.16 3 1
graphyy/internal/envvar/constant.go:59.16,61.3 1 0
graphyy/internal/envvar/constant.go:63.2,63.12 1 1
graphyy/repository/repository.go:15.50,18.2 2 1
graphyy/repository/userrepo/userrepo.go:19.41,23.2 1 1
graphyy/repository/userrepo/userrepo.go:26.78,29.25 3 1
graphyy/repository/userrepo/userrepo.go:29.25,30.54 1 1
graphyy/repository/userrepo/userrepo.go:30.54,32.4 1 1
graphyy/repository/userrepo/userrepo.go:33.3,33.27 1 0
graphyy/repository/userrepo/userrepo.go:35.2,35.18 1 1
graphyy/repository/userrepo/userrepo.go:39.74,41.16 2 1
graphyy/repository/userrepo/userrepo.go:41.16,43.3 1 0
graphyy/repository/userrepo/userrepo.go:44.2,47.25 3 1
graphyy/repository/userrepo/userrepo.go:47.25,49.3 1 0
graphyy/repository/userrepo/userrepo.go:50.2,51.19 2 1
graphyy/repository/userrepo/userrepo.go:54.52,58.2 3 1
graphyy/testing/factory/userfactory.go:20.59,22.2 1 1
graphyy/testing/factory/userfactory.go:22.66,25.2 2 1
graphyy/testing/factory/userfactory.go:25.66,29.2 3 1
graphyy/testing/factory/userfactory.go:29.67,31.2 1 1
graphyy/testing/factory/userfactory.go:31.67,33.2 1 1
graphyy/testing/factory/userfactory.go:33.43,36.2 2 1
graphyy/testing/factory/userfactory.go:38.42,42.16 4 0
graphyy/testing/factory/userfactory.go:42.16,43.13 1 0
graphyy/testing/factory/userfactory.go:45.2,47.13 3 0
graphyy/testing/factory/userfactory.go:50.52,52.25 2 1
graphyy/testing/factory/userfactory.go:52.25,58.17 6 1
graphyy/testing/factory/userfactory.go:58.17,59.14 1 0
graphyy/testing/factory/userfactory.go:61.3,64.30 4 1
graphyy/testing/factory/userfactory.go:66.2,66.14 1 1
